<?xml version="1.0" encoding="UTF-8"?>
<!-- Generated by org.testng.reporters.JUnitXMLReporter -->
<testsuite ignored="0" hostname="DESKTOP-OLMI7T4" failures="0" tests="3" name="ChromeTest" time="38.5" errors="0" timestamp="2024-10-29T12:40:50 WAT">
  <testcase classname="com.mystore.testcases.IndexPageTest" name="testSearchProduct" time="3.247"/>
  <testcase classname="com.mystore.testcases.IndexPageTest" name="verifyLogo" time="0.138"/>
  <testcase classname="com.mystore.testcases.IndexPageTest" name="verifyTitle" time="4.851"/>
</testsuite> <!-- ChromeTest -->
