<?xml version="1.0" encoding="UTF-8"?>
<!-- Generated by org.testng.reporters.JUnitXMLReporter -->
<testsuite ignored="15" hostname="DESKTOP-OLMI7T4" failures="0" tests="3" name="Test_all" time="83.441" errors="0" timestamp="2024-11-06T21:29:20 WAT">
  <testcase classname="com.mystore.testcases.EndToEndTest" name="endToEndTest" time="31.305"/>
  <testcase classname="com.mystore.testcases.OrderPageTest" name="verifyTotalPriceTest" time="9.644"/>
  <testcase classname="com.mystore.testcases.AddToCartPageTest" name="addToCartPageTest" time="7.579"/>
  <testcase classname="com.mystore.base.BaseClass" name="@BeforeSuite loadConfig" time="0.0">
    <ignored/>
  </testcase> <!-- @BeforeSuite loadConfig -->
  <testcase classname="com.mystore.base.BaseClass" name="@BeforeSuite loadConfig" time="0.0">
    <ignored/>
  </testcase> <!-- @BeforeSuite loadConfig -->
  <testcase classname="com.mystore.base.BaseClass" name="@BeforeSuite loadConfig" time="0.0">
    <ignored/>
  </testcase> <!-- @BeforeSuite loadConfig -->
  <testcase classname="com.mystore.base.BaseClass" name="@BeforeSuite loadConfig" time="0.0">
    <ignored/>
  </testcase> <!-- @BeforeSuite loadConfig -->
  <testcase classname="com.mystore.base.BaseClass" name="@BeforeSuite loadConfig" time="0.0">
    <ignored/>
  </testcase> <!-- @BeforeSuite loadConfig -->
  <testcase classname="com.mystore.base.BaseClass" name="@BeforeSuite loadConfig" time="0.0">
    <ignored/>
  </testcase> <!-- @BeforeSuite loadConfig -->
  <testcase classname="com.mystore.base.BaseClass" name="@BeforeSuite loadConfig" time="0.0">
    <ignored/>
  </testcase> <!-- @BeforeSuite loadConfig -->
  <testcase classname="com.mystore.testcases.IndexPageTest" name="verifyLogo" time="0.0">
    <ignored/>
  </testcase> <!-- verifyLogo -->
  <testcase classname="com.mystore.testcases.AccountCreationTest" name="validateFormTitleTest" time="0.0">
    <ignored/>
  </testcase> <!-- validateFormTitleTest -->
  <testcase classname="com.mystore.testcases.LoginPageTest" name="loginTest" time="0.0">
    <ignored/>
  </testcase> <!-- loginTest -->
  <testcase classname="com.mystore.testcases.IndexPageTest" name="testSearchProduct" time="0.0">
    <ignored/>
  </testcase> <!-- testSearchProduct -->
  <testcase classname="com.mystore.testcases.HomePageTest" name="validateMyPersonalInformationTest" time="0.0">
    <ignored/>
  </testcase> <!-- validateMyPersonalInformationTest -->
  <testcase classname="com.mystore.testcases.SearchResultPageTest" name="isProductAvailableTest" time="0.0">
    <ignored/>
  </testcase> <!-- isProductAvailableTest -->
  <testcase classname="com.mystore.testcases.HomePageTest" name="validateMyAddressesTest" time="0.0">
    <ignored/>
  </testcase> <!-- validateMyAddressesTest -->
  <testcase classname="com.mystore.testcases.IndexPageTest" name="verifyTitle" time="0.0">
    <ignored/>
  </testcase> <!-- verifyTitle -->
</testsuite> <!-- Test_all -->
