<?xml version="1.0" encoding="UTF-8"?>
<!-- Generated by org.testng.reporters.JUnitXMLReporter -->
<testsuite ignored="0" hostname="DESKTOP-OLMI7T4" failures="0" tests="3" name="ChromeTest" time="37.854" errors="0" timestamp="2024-10-29T12:49:02 WAT">
  <testcase classname="com.mystore.testcases.IndexPageTest" name="testSearchProduct" time="2.852"/>
  <testcase classname="com.mystore.testcases.IndexPageTest" name="verifyLogo" time="0.122"/>
  <testcase classname="com.mystore.testcases.IndexPageTest" name="verifyTitle" time="7.845"/>
</testsuite> <!-- ChromeTest -->
