<?xml version="1.0" encoding="UTF-8"?>
<!-- Generated by org.testng.reporters.JUnitXMLReporter -->
<testsuite ignored="0" hostname="DESKTOP-OLMI7T4" failures="0" tests="3" name="EdgeTest" time="44.411" errors="0" timestamp="2024-10-29T12:49:08 WAT">
  <testcase classname="com.mystore.testcases.IndexPageTest" name="testSearchProduct" time="3.142"/>
  <testcase classname="com.mystore.testcases.IndexPageTest" name="verifyLogo" time="0.106"/>
  <testcase classname="com.mystore.testcases.IndexPageTest" name="verifyTitle" time="0.034"/>
</testsuite> <!-- EdgeTest -->
